<?xml version="1.0" encoding="UTF-8"?>
<testsuite xmlns:xsi="http://www.w3.org/2001/XMLSchema-instance" xsi:schemaLocation="https://maven.apache.org/surefire/maven-surefire-plugin/xsd/surefire-test-report.xsd" name="pl.polsl.TestModel.TestModel" time="0.269" tests="17" errors="0" skipped="0" failures="0">
  <properties>
    <property name="java.runtime.name" value="Java(TM) SE Runtime Environment"/>
    <property name="java.vm.version" value="11.0.16.1+1-LTS-1"/>
    <property name="sun.boot.library.path" value="C:\Program Files\Java\jdk-11.0.16.1\bin"/>
    <property name="maven.multiModuleProjectDirectory" value="C:\Users\kaboo\OneDrive\Dokumenty\NetBeansProjects\pl.posl_A.R.MarvelWeb"/>
    <property name="java.vm.vendor" value="Oracle Corporation"/>
    <property name="java.vendor.url" value="https://openjdk.java.net/"/>
    <property name="guice.disable.misplaced.annotation.check" value="true"/>
    <property name="path.separator" value=";"/>
    <property name="java.vm.name" value="Java HotSpot(TM) 64-Bit Server VM"/>
    <property name="sun.os.patch.level" value=""/>
    <property name="user.script" value=""/>
    <property name="user.country" value="PL"/>
    <property name="sun.java.launcher" value="SUN_STANDARD"/>
    <property name="test" value="pl.polsl.TestModel.TestModel"/>
    <property name="java.vm.specification.name" value="Java Virtual Machine Specification"/>
    <property name="user.dir" value="C:\Users\kaboo\OneDrive\Dokumenty\NetBeansProjects\pl.posl_A.R.MarvelWeb"/>
    <property name="java.vm.compressedOopsMode" value="Zero based"/>
    <property name="java.runtime.version" value="11.0.16.1+1-LTS-1"/>
    <property name="java.awt.graphicsenv" value="sun.awt.Win32GraphicsEnvironment"/>
    <property name="os.arch" value="amd64"/>
    <property name="java.io.tmpdir" value="C:\Users\kaboo\AppData\Local\Temp\"/>
    <property name="line.separator" value="&#10;"/>
    <property name="java.vm.specification.vendor" value="Oracle Corporation"/>
    <property name="user.variant" value=""/>
    <property name="os.name" value="Windows 11"/>
    <property name="maven.ext.class.path" value="C:\Program Files\NetBeans-15\netbeans\java\maven-nblib\netbeans-eventspy.jar"/>
    <property name="classworlds.conf" value="C:\Program Files\NetBeans-15\netbeans\java\maven\bin\m2.conf"/>
    <property name="sun.jnu.encoding" value="Cp1250"/>
    <property name="java.library.path" value="C:\Program Files\Java\jdk-11.0.16.1\bin;C:\WINDOWS\Sun\Java\bin;C:\WINDOWS\system32;C:\WINDOWS;C:\Program Files\Common Files\Oracle\Java\javapath;C:\Windows\system32;C:\Windows;C:\Windows\System32\Wbem;C:\Windows\System32\WindowsPowerShell\v1.0\;C:\Windows\System32\OpenSSH\;C:\Program Files (x86)\NVIDIA Corporation\PhysX\Common;C:\Program Files\NVIDIA Corporation\NVIDIA NvDLISR;C;C:\Program Files (x86)\Visual Leak Detector\bin\Win32;C:\Program Files (x86)\Visual Leak Detector\bin\Win64;C:\WINDOWS\system32;C:\WINDOWS;C:\WINDOWS\System32\Wbem;C:\WINDOWS\System32\WindowsPowerShell\v1.0\;C:\WINDOWS\System32\OpenSSH\;C:\Program Files\Microsoft SQL Server\130\Tools\Binn\;C:\Program Files\Microsoft SQL Server\Client SDK\ODBC\170\Tools\Binn\;C:\Program Files\dotnet\;C:\Program Files (x86)\Windows Kits\10\Windows Performance Toolkit\;%SystemRoot%\system32;%SystemRoot%;%SystemRoot%\System32\Wbem;%SYSTEMROOT%\System32\WindowsPowerShell\v1.0\;%SYSTEMROOT%\System32\OpenSSH\;C:\Users\kaboo\AppData\Local\Microsoft\WindowsApps;C:\Users\kaboo\AppData\Local\Programs\Microsoft VS Code\bin;;C:\Program Files\JetBrains\CLion 2021.3.1\bin;;C:\Users\kaboo\.dotnet\tools;."/>
    <property name="maven.conf" value="C:\Program Files\NetBeans-15\netbeans\java\maven/conf"/>
    <property name="jdk.debug" value="release"/>
    <property name="java.class.version" value="55.0"/>
    <property name="java.specification.name" value="Java Platform API Specification"/>
    <property name="sun.management.compiler" value="HotSpot 64-Bit Tiered Compilers"/>
    <property name="os.version" value="10.0"/>
    <property name="library.jansi.path" value="C:\Program Files\NetBeans-15\netbeans\java\maven\lib\jansi-native"/>
    <property name="user.home" value="C:\Users\kaboo"/>
    <property name="user.timezone" value="Europe/Belgrade"/>
    <property name="java.awt.printerjob" value="sun.awt.windows.WPrinterJob"/>
    <property name="file.encoding" value="UTF-8"/>
    <property name="java.specification.version" value="11"/>
    <property name="user.name" value="kaboo"/>
    <property name="java.class.path" value="C:\Program Files\NetBeans-15\netbeans\java\maven\boot\plexus-classworlds-2.6.0.jar"/>
    <property name="java.vm.specification.version" value="11"/>
    <property name="sun.arch.data.model" value="64"/>
    <property name="sun.java.command" value="org.codehaus.plexus.classworlds.launcher.Launcher -Dtest=pl.polsl.TestModel.TestModel -Dmaven.ext.class.path=C:\Program Files\NetBeans-15\netbeans\java\maven-nblib\netbeans-eventspy.jar -Dfile.encoding=UTF-8 surefire:test"/>
    <property name="java.home" value="C:\Program Files\Java\jdk-11.0.16.1"/>
    <property name="user.language" value="pl"/>
    <property name="java.specification.vendor" value="Oracle Corporation"/>
    <property name="awt.toolkit" value="sun.awt.windows.WToolkit"/>
    <property name="java.vm.info" value="mixed mode"/>
    <property name="java.version" value="11.0.16.1"/>
    <property name="java.vendor" value="Oracle Corporation"/>
    <property name="maven.home" value="C:\Program Files\NetBeans-15\netbeans\java\maven"/>
    <property name="file.separator" value="\"/>
    <property name="java.version.date" value="2022-08-18"/>
    <property name="java.vendor.url.bug" value="https://bugreport.java.com/bugreport/"/>
    <property name="sun.io.unicode.encoding" value="UnicodeLittle"/>
    <property name="sun.cpu.endian" value="little"/>
    <property name="java.vendor.version" value="18.9"/>
    <property name="sun.desktop" value="windows"/>
    <property name="sun.cpu.isalist" value="amd64"/>
  </properties>
  <testcase name="TestOfExceptionwithParameters{String}[1]" classname="pl.polsl.TestModel.TestModel" time="0.073"/>
  <testcase name="TestOfExceptionwithParameters{String}[2]" classname="pl.polsl.TestModel.TestModel" time="0.008"/>
  <testcase name="TestOfExceptionwithParameters{String}[3]" classname="pl.polsl.TestModel.TestModel" time="0.007"/>
  <testcase name="TestShowNameAndUniverse{String, String, int}[1]" classname="pl.polsl.TestModel.TestModel" time="0.006"/>
  <testcase name="TestShowNameAndUniverse{String, String, int}[2]" classname="pl.polsl.TestModel.TestModel" time="0.007"/>
  <testcase name="TestSearch{String}[1]" classname="pl.polsl.TestModel.TestModel" time="0.008"/>
  <testcase name="TestSearch{String}[2]" classname="pl.polsl.TestModel.TestModel" time="0.005"/>
  <testcase name="TestSearch{String}[3]" classname="pl.polsl.TestModel.TestModel" time="0.004"/>
  <testcase name="TestSearch{String, int}[1]" classname="pl.polsl.TestModel.TestModel" time="0.008"/>
  <testcase name="TestSearch{String, int}[2]" classname="pl.polsl.TestModel.TestModel" time="0.004"/>
  <testcase name="testTheMostSh{int}[1]" classname="pl.polsl.TestModel.TestModel" time="0.003"/>
  <testcase name="TestReadData{String, String, int}[1]" classname="pl.polsl.TestModel.TestModel" time="0.003"/>
  <testcase name="TestReadData{String, String, int}[2]" classname="pl.polsl.TestModel.TestModel" time="0.002"/>
  <testcase name="TestReadDataSize{int}[1]" classname="pl.polsl.TestModel.TestModel" time="0.003"/>
  <testcase name="TestIfValuePowersNullx{String}[1]" classname="pl.polsl.TestModel.TestModel" time="0.003"/>
  <testcase name="TestSortBySuperpowersNumber{int, int}[1]" classname="pl.polsl.TestModel.TestModel" time="0.015"/>
  <testcase name="TestSortBySuperpowersNumber{int, int}[2]" classname="pl.polsl.TestModel.TestModel" time="0.004"/>
</testsuite>